This file contains any messages produced by compilers while
running configure, to aid debugging if configure makes a mistake.

It was created by libtorrent configure 0.13.4, which was
generated by GNU Autoconf 2.69.  Invocation command line was

  $ ./configure 

## --------- ##
## Platform. ##
## --------- ##

hostname = ReimuHakurei
uname -m = x86_64
uname -r = 3.2.0-4-amd64
uname -s = Linux
uname -v = #1 SMP Debian 3.2.60-1+deb7u3

/usr/bin/uname -p = unknown
/bin/uname -X     = unknown

/bin/arch              = unknown
/usr/bin/arch -k       = unknown
/usr/convex/getsysinfo = unknown
/usr/bin/hostinfo      = unknown
/bin/machine           = unknown
/usr/bin/oslevel       = unknown
/bin/universe          = unknown

PATH: /usr/local/bin
PATH: /usr/bin
PATH: /bin
PATH: /usr/local/games
PATH: /usr/games


## ----------- ##
## Core tests. ##
## ----------- ##

configure:2652: checking build system type
configure:2666: result: x86_64-unknown-linux-gnu
configure:2686: checking host system type
configure:2699: result: x86_64-unknown-linux-gnu
configure:2740: checking how to print strings
configure:2767: result: printf
configure:2836: checking for gcc
configure:2852: found /usr/bin/gcc
configure:2863: result: gcc
configure:3092: checking for C compiler version
configure:3101: gcc --version >&5
gcc (Debian 4.7.2-5) 4.7.2
Copyright (C) 2012 Free Software Foundation, Inc.
This is free software; see the source for copying conditions.  There is NO
warranty; not even for MERCHANTABILITY or FITNESS FOR A PARTICULAR PURPOSE.

configure:3112: $? = 0
configure:3101: gcc -v >&5
Using built-in specs.
COLLECT_GCC=gcc
COLLECT_LTO_WRAPPER=/usr/lib/gcc/x86_64-linux-gnu/4.7/lto-wrapper
Target: x86_64-linux-gnu
Configured with: ../src/configure -v --with-pkgversion='Debian 4.7.2-5' --with-bugurl=file:///usr/share/doc/gcc-4.7/README.Bugs --enable-languages=c,c++,go,fortran,objc,obj-c++ --prefix=/usr --program-suffix=-4.7 --enable-shared --enable-linker-build-id --with-system-zlib --libexecdir=/usr/lib --without-included-gettext --enable-threads=posix --with-gxx-include-dir=/usr/include/c++/4.7 --libdir=/usr/lib --enable-nls --with-sysroot=/ --enable-clocale=gnu --enable-libstdcxx-debug --enable-libstdcxx-time=yes --enable-gnu-unique-object --enable-plugin --enable-objc-gc --with-arch-32=i586 --with-tune=generic --enable-checking=release --build=x86_64-linux-gnu --host=x86_64-linux-gnu --target=x86_64-linux-gnu
Thread model: posix
gcc version 4.7.2 (Debian 4.7.2-5) 
configure:3112: $? = 0
configure:3101: gcc -V >&5
gcc: error: unrecognized command line option '-V'
gcc: fatal error: no input files
compilation terminated.
configure:3112: $? = 4
configure:3101: gcc -qversion >&5
gcc: error: unrecognized command line option '-qversion'
gcc: fatal error: no input files
compilation terminated.
configure:3112: $? = 4
configure:3132: checking whether the C compiler works
configure:3154: gcc    conftest.c  >&5
configure:3158: $? = 0
configure:3206: result: yes
configure:3209: checking for C compiler default output file name
configure:3211: result: a.out
configure:3217: checking for suffix of executables
configure:3224: gcc -o conftest    conftest.c  >&5
configure:3228: $? = 0
configure:3250: result: 
configure:3272: checking whether we are cross compiling
configure:3280: gcc -o conftest    conftest.c  >&5
configure:3284: $? = 0
configure:3291: ./conftest
configure:3295: $? = 0
configure:3310: result: no
configure:3315: checking for suffix of object files
configure:3337: gcc -c   conftest.c >&5
configure:3341: $? = 0
configure:3362: result: o
configure:3366: checking whether we are using the GNU C compiler
configure:3385: gcc -c   conftest.c >&5
configure:3385: $? = 0
configure:3394: result: yes
configure:3403: checking whether gcc accepts -g
configure:3423: gcc -c -g  conftest.c >&5
configure:3423: $? = 0
configure:3464: result: yes
configure:3481: checking for gcc option to accept ISO C89
configure:3544: gcc  -c -g -O2  conftest.c >&5
configure:3544: $? = 0
configure:3557: result: none needed
configure:3577: checking for a sed that does not truncate output
configure:3641: result: /bin/sed
configure:3659: checking for grep that handles long lines and -e
configure:3717: result: /bin/grep
configure:3722: checking for egrep
configure:3784: result: /bin/grep -E
configure:3789: checking for fgrep
configure:3851: result: /bin/grep -F
configure:3886: checking for ld used by gcc
configure:3953: result: /usr/bin/ld
configure:3960: checking if the linker (/usr/bin/ld) is GNU ld
configure:3975: result: yes
configure:3987: checking for BSD- or MS-compatible name lister (nm)
configure:4036: result: /usr/bin/nm -B
configure:4166: checking the name lister (/usr/bin/nm -B) interface
configure:4173: gcc -c -g -O2  conftest.c >&5
configure:4176: /usr/bin/nm -B "conftest.o"
configure:4179: output
0000000000000000 B some_variable
configure:4186: result: BSD nm
configure:4189: checking whether ln -s works
configure:4193: result: yes
configure:4201: checking the maximum length of command line arguments
configure:4331: result: 1572864
configure:4348: checking whether the shell understands some XSI constructs
configure:4358: result: yes
configure:4362: checking whether the shell understands "+="
configure:4368: result: yes
configure:4403: checking how to convert x86_64-unknown-linux-gnu file names to x86_64-unknown-linux-gnu format
configure:4443: result: func_convert_file_noop
configure:4450: checking how to convert x86_64-unknown-linux-gnu file names to toolchain format
configure:4470: result: func_convert_file_noop
configure:4477: checking for /usr/bin/ld option to reload object files
configure:4484: result: -r
configure:4558: checking for objdump
configure:4574: found /usr/bin/objdump
configure:4585: result: objdump
configure:4617: checking how to recognize dependent libraries
configure:4815: result: pass_all
configure:4900: checking for dlltool
configure:4930: result: no
configure:4960: checking how to associate runtime and link libraries
configure:4987: result: printf %s\n
configure:5048: checking for ar
configure:5064: found /usr/bin/ar
configure:5075: result: ar
configure:5112: checking for archiver @FILE support
configure:5129: gcc -c -g -O2  conftest.c >&5
configure:5129: $? = 0
configure:5132: ar cru libconftest.a @conftest.lst >&5
configure:5135: $? = 0
configure:5140: ar cru libconftest.a @conftest.lst >&5
ar: conftest.o: No such file or directory
configure:5143: $? = 1
configure:5155: result: @
configure:5213: checking for strip
configure:5229: found /usr/bin/strip
configure:5240: result: strip
configure:5312: checking for ranlib
configure:5328: found /usr/bin/ranlib
configure:5339: result: ranlib
configure:5416: checking for gawk
configure:5432: found /usr/bin/gawk
configure:5443: result: gawk
configure:5483: checking command to parse /usr/bin/nm -B output from gcc object
configure:5603: gcc -c -g -O2  conftest.c >&5
configure:5606: $? = 0
configure:5610: /usr/bin/nm -B conftest.o \| sed -n -e 's/^.*[ ]\([ABCDGIRSTW][ABCDGIRSTW]*\)[ ][ ]*\([_A-Za-z][_A-Za-z0-9]*\)$/\1 \2 \2/p' | sed '/ __gnu_lto/d' \> conftest.nm
configure:5613: $? = 0
configure:5679: gcc -o conftest -g -O2   conftest.c conftstm.o >&5
configure:5682: $? = 0
configure:5720: result: ok
configure:5757: checking for sysroot
configure:5787: result: no
configure:5864: gcc -c -g -O2  conftest.c >&5
configure:5867: $? = 0
configure:6043: checking for mt
configure:6059: found /bin/mt
configure:6070: result: mt
configure:6093: checking if mt is a manifest tool
configure:6099: mt '-?'
configure:6107: result: no
configure:6749: checking how to run the C preprocessor
configure:6780: gcc -E  conftest.c
configure:6780: $? = 0
configure:6794: gcc -E  conftest.c
conftest.c:9:28: fatal error: ac_nonexistent.h: No such file or directory
compilation terminated.
configure:6794: $? = 1
configure: failed program was:
| /* confdefs.h */
| #define PACKAGE_NAME "libtorrent"
| #define PACKAGE_TARNAME "libtorrent"
| #define PACKAGE_VERSION "0.13.4"
| #define PACKAGE_STRING "libtorrent 0.13.4"
| #define PACKAGE_BUGREPORT "sundell.software@gmail.com"
| #define PACKAGE_URL ""
| /* end confdefs.h.  */
| #include <ac_nonexistent.h>
configure:6819: result: gcc -E
configure:6839: gcc -E  conftest.c
configure:6839: $? = 0
configure:6853: gcc -E  conftest.c
conftest.c:9:28: fatal error: ac_nonexistent.h: No such file or directory
compilation terminated.
configure:6853: $? = 1
configure: failed program was:
| /* confdefs.h */
| #define PACKAGE_NAME "libtorrent"
| #define PACKAGE_TARNAME "libtorrent"
| #define PACKAGE_VERSION "0.13.4"
| #define PACKAGE_STRING "libtorrent 0.13.4"
| #define PACKAGE_BUGREPORT "sundell.software@gmail.com"
| #define PACKAGE_URL ""
| /* end confdefs.h.  */
| #include <ac_nonexistent.h>
configure:6882: checking for ANSI C header files
configure:6902: gcc -c -g -O2  conftest.c >&5
configure:6902: $? = 0
configure:6975: gcc -o conftest -g -O2   conftest.c  >&5
configure:6975: $? = 0
configure:6975: ./conftest
configure:6975: $? = 0
configure:6986: result: yes
configure:6999: checking for sys/types.h
configure:6999: gcc -c -g -O2  conftest.c >&5
configure:6999: $? = 0
configure:6999: result: yes
configure:6999: checking for sys/stat.h
configure:6999: gcc -c -g -O2  conftest.c >&5
configure:6999: $? = 0
configure:6999: result: yes
configure:6999: checking for stdlib.h
configure:6999: gcc -c -g -O2  conftest.c >&5
configure:6999: $? = 0
configure:6999: result: yes
configure:6999: checking for string.h
configure:6999: gcc -c -g -O2  conftest.c >&5
configure:6999: $? = 0
configure:6999: result: yes
configure:6999: checking for memory.h
configure:6999: gcc -c -g -O2  conftest.c >&5
configure:6999: $? = 0
configure:6999: result: yes
configure:6999: checking for strings.h
configure:6999: gcc -c -g -O2  conftest.c >&5
configure:6999: $? = 0
configure:6999: result: yes
configure:6999: checking for inttypes.h
configure:6999: gcc -c -g -O2  conftest.c >&5
configure:6999: $? = 0
configure:6999: result: yes
configure:6999: checking for stdint.h
configure:6999: gcc -c -g -O2  conftest.c >&5
configure:6999: $? = 0
configure:6999: result: yes
configure:6999: checking for unistd.h
configure:6999: gcc -c -g -O2  conftest.c >&5
configure:6999: $? = 0
configure:6999: result: yes
configure:7013: checking for dlfcn.h
configure:7013: gcc -c -g -O2  conftest.c >&5
configure:7013: $? = 0
configure:7013: result: yes
configure:7218: checking for objdir
configure:7233: result: .libs
configure:7500: checking if gcc supports -fno-rtti -fno-exceptions
configure:7518: gcc -c -g -O2  -fno-rtti -fno-exceptions conftest.c >&5
cc1: warning: command line option '-fno-rtti' is valid for C++/ObjC++ but not for C [enabled by default]
configure:7522: $? = 0
configure:7535: result: no
configure:7862: checking for gcc option to produce PIC
configure:7869: result: -fPIC -DPIC
configure:7877: checking if gcc PIC flag -fPIC -DPIC works
configure:7895: gcc -c -g -O2  -fPIC -DPIC -DPIC conftest.c >&5
configure:7899: $? = 0
configure:7912: result: yes
configure:7941: checking if gcc static flag -static works
configure:7969: result: yes
configure:7984: checking if gcc supports -c -o file.o
configure:8005: gcc -c -g -O2  -o out/conftest2.o conftest.c >&5
configure:8009: $? = 0
configure:8031: result: yes
configure:8039: checking if gcc supports -c -o file.o
configure:8086: result: yes
configure:8119: checking whether the gcc linker (/usr/bin/ld -m elf_x86_64) supports shared libraries
configure:9276: result: yes
configure:9313: checking whether -lc should be explicitly linked in
configure:9321: gcc -c -g -O2  conftest.c >&5
configure:9324: $? = 0
configure:9339: gcc -shared  -fPIC -DPIC conftest.o  -v -Wl,-soname -Wl,conftest -o conftest 2\>\&1 \| /bin/grep  -lc  \>/dev/null 2\>\&1
configure:9342: $? = 0
configure:9356: result: no
configure:9516: checking dynamic linker characteristics
configure:10016: gcc -o conftest -g -O2   -Wl,-rpath -Wl,/foo conftest.c  >&5
configure:10016: $? = 0
configure:10250: result: GNU/Linux ld.so
configure:10357: checking how to hardcode library paths into programs
configure:10382: result: immediate
configure:10922: checking whether stripping libraries is possible
configure:10927: result: yes
configure:10962: checking if libtool supports shared libraries
configure:10964: result: yes
configure:10967: checking whether to build shared libraries
configure:10988: result: yes
configure:10991: checking whether to build static libraries
configure:10995: result: no
configure:11067: checking for a BSD-compatible install
configure:11135: result: /usr/bin/install -c
configure:11146: checking whether build environment is sane
configure:11196: result: yes
configure:11337: checking for a thread-safe mkdir -p
configure:11376: result: /bin/mkdir -p
configure:11385: checking whether make sets $(MAKE)
configure:11407: result: yes
configure:11437: checking for style of include used by make
configure:11465: result: GNU
configure:11551: checking dependency style of gcc
configure:11662: result: gcc3
configure:11714: checking for cppunit-config
configure:11732: found /usr/bin/cppunit-config
configure:11745: result: /usr/bin/cppunit-config
configure:11755: checking for Cppunit - version >= 1.9.6
configure:11801: result: 1.12.1
configure:11880: checking for g++
configure:11896: found /usr/bin/g++
configure:11907: result: g++
configure:11934: checking for C++ compiler version
configure:11943: g++ --version >&5
g++ (Debian 4.7.2-5) 4.7.2
Copyright (C) 2012 Free Software Foundation, Inc.
This is free software; see the source for copying conditions.  There is NO
warranty; not even for MERCHANTABILITY or FITNESS FOR A PARTICULAR PURPOSE.

configure:11954: $? = 0
configure:11943: g++ -v >&5
Using built-in specs.
COLLECT_GCC=g++
COLLECT_LTO_WRAPPER=/usr/lib/gcc/x86_64-linux-gnu/4.7/lto-wrapper
Target: x86_64-linux-gnu
Configured with: ../src/configure -v --with-pkgversion='Debian 4.7.2-5' --with-bugurl=file:///usr/share/doc/gcc-4.7/README.Bugs --enable-languages=c,c++,go,fortran,objc,obj-c++ --prefix=/usr --program-suffix=-4.7 --enable-shared --enable-linker-build-id --with-system-zlib --libexecdir=/usr/lib --without-included-gettext --enable-threads=posix --with-gxx-include-dir=/usr/include/c++/4.7 --libdir=/usr/lib --enable-nls --with-sysroot=/ --enable-clocale=gnu --enable-libstdcxx-debug --enable-libstdcxx-time=yes --enable-gnu-unique-object --enable-plugin --enable-objc-gc --with-arch-32=i586 --with-tune=generic --enable-checking=release --build=x86_64-linux-gnu --host=x86_64-linux-gnu --target=x86_64-linux-gnu
Thread model: posix
gcc version 4.7.2 (Debian 4.7.2-5) 
configure:11954: $? = 0
configure:11943: g++ -V >&5
g++: error: unrecognized command line option '-V'
g++: fatal error: no input files
compilation terminated.
configure:11954: $? = 4
configure:11943: g++ -qversion >&5
g++: error: unrecognized command line option '-qversion'
g++: fatal error: no input files
compilation terminated.
configure:11954: $? = 4
configure:11958: checking whether we are using the GNU C++ compiler
configure:11977: g++ -c   conftest.cpp >&5
configure:11977: $? = 0
configure:11986: result: yes
configure:11995: checking whether g++ accepts -g
configure:12015: g++ -c -g  conftest.cpp >&5
configure:12015: $? = 0
configure:12056: result: yes
configure:12097: checking how to run the C++ preprocessor
configure:12124: g++ -E  conftest.cpp
configure:12124: $? = 0
configure:12138: g++ -E  conftest.cpp
conftest.cpp:25:28: fatal error: ac_nonexistent.h: No such file or directory
compilation terminated.
configure:12138: $? = 1
configure: failed program was:
| /* confdefs.h */
| #define PACKAGE_NAME "libtorrent"
| #define PACKAGE_TARNAME "libtorrent"
| #define PACKAGE_VERSION "0.13.4"
| #define PACKAGE_STRING "libtorrent 0.13.4"
| #define PACKAGE_BUGREPORT "sundell.software@gmail.com"
| #define PACKAGE_URL ""
| #define STDC_HEADERS 1
| #define HAVE_SYS_TYPES_H 1
| #define HAVE_SYS_STAT_H 1
| #define HAVE_STDLIB_H 1
| #define HAVE_STRING_H 1
| #define HAVE_MEMORY_H 1
| #define HAVE_STRINGS_H 1
| #define HAVE_INTTYPES_H 1
| #define HAVE_STDINT_H 1
| #define HAVE_UNISTD_H 1
| #define HAVE_DLFCN_H 1
| #define LT_OBJDIR ".libs/"
| #define PEER_NAME "-lt0D40-"
| #define PEER_VERSION "lt\x0D\x40"
| #define PACKAGE "libtorrent"
| #define VERSION "0.13.4"
| /* end confdefs.h.  */
| #include <ac_nonexistent.h>
configure:12163: result: g++ -E
configure:12183: g++ -E  conftest.cpp
configure:12183: $? = 0
configure:12197: g++ -E  conftest.cpp
conftest.cpp:25:28: fatal error: ac_nonexistent.h: No such file or directory
compilation terminated.
configure:12197: $? = 1
configure: failed program was:
| /* confdefs.h */
| #define PACKAGE_NAME "libtorrent"
| #define PACKAGE_TARNAME "libtorrent"
| #define PACKAGE_VERSION "0.13.4"
| #define PACKAGE_STRING "libtorrent 0.13.4"
| #define PACKAGE_BUGREPORT "sundell.software@gmail.com"
| #define PACKAGE_URL ""
| #define STDC_HEADERS 1
| #define HAVE_SYS_TYPES_H 1
| #define HAVE_SYS_STAT_H 1
| #define HAVE_STDLIB_H 1
| #define HAVE_STRING_H 1
| #define HAVE_MEMORY_H 1
| #define HAVE_STRINGS_H 1
| #define HAVE_INTTYPES_H 1
| #define HAVE_STDINT_H 1
| #define HAVE_UNISTD_H 1
| #define HAVE_DLFCN_H 1
| #define LT_OBJDIR ".libs/"
| #define PEER_NAME "-lt0D40-"
| #define PEER_VERSION "lt\x0D\x40"
| #define PACKAGE "libtorrent"
| #define VERSION "0.13.4"
| /* end confdefs.h.  */
| #include <ac_nonexistent.h>
configure:12366: checking for ld used by g++
configure:12433: result: /usr/bin/ld -m elf_x86_64
configure:12440: checking if the linker (/usr/bin/ld -m elf_x86_64) is GNU ld
configure:12455: result: yes
configure:12510: checking whether the g++ linker (/usr/bin/ld -m elf_x86_64) supports shared libraries
configure:13512: result: yes
configure:13548: g++ -c -g -O2  conftest.cpp >&5
configure:13551: $? = 0
configure:14071: checking for g++ option to produce PIC
configure:14078: result: -fPIC -DPIC
configure:14086: checking if g++ PIC flag -fPIC -DPIC works
configure:14104: g++ -c -g -O2  -fPIC -DPIC -DPIC conftest.cpp >&5
configure:14108: $? = 0
configure:14121: result: yes
configure:14144: checking if g++ static flag -static works
configure:14172: result: yes
configure:14184: checking if g++ supports -c -o file.o
configure:14205: g++ -c -g -O2  -o out/conftest2.o conftest.cpp >&5
configure:14209: $? = 0
configure:14231: result: yes
configure:14236: checking if g++ supports -c -o file.o
configure:14283: result: yes
configure:14313: checking whether the g++ linker (/usr/bin/ld -m elf_x86_64) supports shared libraries
configure:14352: result: yes
configure:14493: checking dynamic linker characteristics
configure:15161: result: GNU/Linux ld.so
configure:15214: checking how to hardcode library paths into programs
configure:15239: result: immediate
configure:15281: checking dependency style of g++
configure:15392: result: gcc3
configure:15408: checking whether byte ordering is bigendian
configure:15423: gcc -c -g -O2  conftest.c >&5
conftest.c:26:9: error: unknown type name 'not'
conftest.c:26:15: error: expected '=', ',', ';', 'asm' or '__attribute__' before 'universal'
conftest.c:26:15: error: unknown type name 'universal'
configure:15423: $? = 1
configure: failed program was:
| /* confdefs.h */
| #define PACKAGE_NAME "libtorrent"
| #define PACKAGE_TARNAME "libtorrent"
| #define PACKAGE_VERSION "0.13.4"
| #define PACKAGE_STRING "libtorrent 0.13.4"
| #define PACKAGE_BUGREPORT "sundell.software@gmail.com"
| #define PACKAGE_URL ""
| #define STDC_HEADERS 1
| #define HAVE_SYS_TYPES_H 1
| #define HAVE_SYS_STAT_H 1
| #define HAVE_STDLIB_H 1
| #define HAVE_STRING_H 1
| #define HAVE_MEMORY_H 1
| #define HAVE_STRINGS_H 1
| #define HAVE_INTTYPES_H 1
| #define HAVE_STDINT_H 1
| #define HAVE_UNISTD_H 1
| #define HAVE_DLFCN_H 1
| #define LT_OBJDIR ".libs/"
| #define PEER_NAME "-lt0D40-"
| #define PEER_VERSION "lt\x0D\x40"
| #define PACKAGE "libtorrent"
| #define VERSION "0.13.4"
| /* end confdefs.h.  */
| #ifndef __APPLE_CC__
| 	       not a universal capable compiler
| 	     #endif
| 	     typedef int dummy;
| 
configure:15468: gcc -c -g -O2  conftest.c >&5
configure:15468: $? = 0
configure:15486: gcc -c -g -O2  conftest.c >&5
conftest.c: In function 'main':
conftest.c:32:4: error: unknown type name 'not'
conftest.c:32:12: error: expected '=', ',', ';', 'asm' or '__attribute__' before 'endian'
configure:15486: $? = 1
configure: failed program was:
| /* confdefs.h */
| #define PACKAGE_NAME "libtorrent"
| #define PACKAGE_TARNAME "libtorrent"
| #define PACKAGE_VERSION "0.13.4"
| #define PACKAGE_STRING "libtorrent 0.13.4"
| #define PACKAGE_BUGREPORT "sundell.software@gmail.com"
| #define PACKAGE_URL ""
| #define STDC_HEADERS 1
| #define HAVE_SYS_TYPES_H 1
| #define HAVE_SYS_STAT_H 1
| #define HAVE_STDLIB_H 1
| #define HAVE_STRING_H 1
| #define HAVE_MEMORY_H 1
| #define HAVE_STRINGS_H 1
| #define HAVE_INTTYPES_H 1
| #define HAVE_STDINT_H 1
| #define HAVE_UNISTD_H 1
| #define HAVE_DLFCN_H 1
| #define LT_OBJDIR ".libs/"
| #define PEER_NAME "-lt0D40-"
| #define PEER_VERSION "lt\x0D\x40"
| #define PACKAGE "libtorrent"
| #define VERSION "0.13.4"
| /* end confdefs.h.  */
| #include <sys/types.h>
| 		#include <sys/param.h>
| 
| int
| main ()
| {
| #if BYTE_ORDER != BIG_ENDIAN
| 		 not big endian
| 		#endif
| 
|   ;
|   return 0;
| }
configure:15614: result: no
configure:15638: checking for user-defined CXXFLAGS
configure:15642: result: user-defined "-g -O2"
configure:15663: checking the byte alignment
configure:15685: gcc -o conftest -g -O2   conftest.c  >&5
configure:15685: $? = 0
configure:15685: ./conftest
configure:15685: $? = 0
configure:15687: result: none needed
configure:15826: checking for TR1 support
configure:15837: g++ -c -g -O2 -g -DDEBUG  conftest.cpp >&5
configure:15837: $? = 0
configure:15839: result: yes
configure:15931: checking for C++11 support
configure:15945: g++ -c -g -O2 -g -DDEBUG  conftest.cpp >&5
In file included from /usr/include/c++/4.7/unordered_map:35:0,
                 from conftest.cpp:29:
/usr/include/c++/4.7/bits/c++0x_warning.h:32:2: error: #error This file requires compiler and library support for the ISO C++ 2011 standard. This support is currently experimental, and must be enabled with the -std=c++11 or -std=gnu++11 compiler options.
conftest.cpp:31:15: error: 'unordered_map' in namespace 'std' does not name a type
conftest.cpp:33:20: error: 'Bar' does not name a type
configure:15945: $? = 1
configure: failed program was:
| /* confdefs.h */
| #define PACKAGE_NAME "libtorrent"
| #define PACKAGE_TARNAME "libtorrent"
| #define PACKAGE_VERSION "0.13.4"
| #define PACKAGE_STRING "libtorrent 0.13.4"
| #define PACKAGE_BUGREPORT "sundell.software@gmail.com"
| #define PACKAGE_URL ""
| #define STDC_HEADERS 1
| #define HAVE_SYS_TYPES_H 1
| #define HAVE_SYS_STAT_H 1
| #define HAVE_STDLIB_H 1
| #define HAVE_STRING_H 1
| #define HAVE_MEMORY_H 1
| #define HAVE_STRINGS_H 1
| #define HAVE_INTTYPES_H 1
| #define HAVE_STDINT_H 1
| #define HAVE_UNISTD_H 1
| #define HAVE_DLFCN_H 1
| #define LT_OBJDIR ".libs/"
| #define PEER_NAME "-lt0D40-"
| #define PEER_VERSION "lt\x0D\x40"
| #define PACKAGE "libtorrent"
| #define VERSION "0.13.4"
| #define IS_LITTLE_ENDIAN 1
| #define HAVE_TR1 1
| /* end confdefs.h.  */
| 
|       #include <functional>
|       #include <unordered_map>
|       class Foo;
|       typedef std::unordered_map<Foo*, int> Bar;
| 
|       union test { Bar b1; };
| 
configure:15955: result: no
configure:15982: checking for special C compiler options needed for large files
configure:16027: result: no
configure:16033: checking for _FILE_OFFSET_BITS value needed for large files
configure:16058: gcc -c -g -O2  conftest.c >&5
configure:16058: $? = 0
configure:16090: result: no
configure:16209: checking for sysroot
configure:16213: result: no
configure:16334: checking for kqueue support
configure:16348: gcc -o conftest -g -O2   conftest.c  >&5
conftest.c:29:29: fatal error: sys/event.h: No such file or directory
compilation terminated.
configure:16348: $? = 1
configure: failed program was:
| /* confdefs.h */
| #define PACKAGE_NAME "libtorrent"
| #define PACKAGE_TARNAME "libtorrent"
| #define PACKAGE_VERSION "0.13.4"
| #define PACKAGE_STRING "libtorrent 0.13.4"
| #define PACKAGE_BUGREPORT "sundell.software@gmail.com"
| #define PACKAGE_URL ""
| #define STDC_HEADERS 1
| #define HAVE_SYS_TYPES_H 1
| #define HAVE_SYS_STAT_H 1
| #define HAVE_STDLIB_H 1
| #define HAVE_STRING_H 1
| #define HAVE_MEMORY_H 1
| #define HAVE_STRINGS_H 1
| #define HAVE_INTTYPES_H 1
| #define HAVE_STDINT_H 1
| #define HAVE_UNISTD_H 1
| #define HAVE_DLFCN_H 1
| #define LT_OBJDIR ".libs/"
| #define PEER_NAME "-lt0D40-"
| #define PEER_VERSION "lt\x0D\x40"
| #define PACKAGE "libtorrent"
| #define VERSION "0.13.4"
| #define IS_LITTLE_ENDIAN 1
| #define HAVE_TR1 1
| /* end confdefs.h.  */
| 
|       #include <sys/time.h>  /* Because OpenBSD's sys/event.h fails to compile otherwise. Yeah... */
|       #include <sys/event.h>
|       int main() {
|         int fd = kqueue();
|         return 0;
|       }
| 
configure:16358: result: no
configure:16366: checking whether kqueue supports pipes and ptys
configure:16405: gcc -o conftest -g -O2   conftest.c  >&5
conftest.c:31:29: fatal error: sys/event.h: No such file or directory
compilation terminated.
configure:16405: $? = 1
configure: program exited with status 1
configure: failed program was:
| /* confdefs.h */
| #define PACKAGE_NAME "libtorrent"
| #define PACKAGE_TARNAME "libtorrent"
| #define PACKAGE_VERSION "0.13.4"
| #define PACKAGE_STRING "libtorrent 0.13.4"
| #define PACKAGE_BUGREPORT "sundell.software@gmail.com"
| #define PACKAGE_URL ""
| #define STDC_HEADERS 1
| #define HAVE_SYS_TYPES_H 1
| #define HAVE_SYS_STAT_H 1
| #define HAVE_STDLIB_H 1
| #define HAVE_STRING_H 1
| #define HAVE_MEMORY_H 1
| #define HAVE_STRINGS_H 1
| #define HAVE_INTTYPES_H 1
| #define HAVE_STDINT_H 1
| #define HAVE_UNISTD_H 1
| #define HAVE_DLFCN_H 1
| #define LT_OBJDIR ".libs/"
| #define PEER_NAME "-lt0D40-"
| #define PEER_VERSION "lt\x0D\x40"
| #define PACKAGE "libtorrent"
| #define VERSION "0.13.4"
| #define IS_LITTLE_ENDIAN 1
| #define HAVE_TR1 1
| /* end confdefs.h.  */
| 
|       #include <fcntl.h>
|       #include <stdlib.h>
|       #include <unistd.h>
|       #include <sys/event.h>
|       #include <sys/time.h>
|       int main() {
|         struct kevent ev[2], ev_out[2];
|         struct timespec ts = { 0, 0 };
|         int pfd[2], pty[2], kfd, n;
|         char buffer[9001];
|         if (pipe(pfd) == -1) return 1;
|         if (fcntl(pfd[1], F_SETFL, O_NONBLOCK) == -1) return 2;
|         while ((n = write(pfd[1], buffer, sizeof(buffer))) == sizeof(buffer));
|         if ((pty[0]=posix_openpt(O_RDWR | O_NOCTTY)) == -1) return 3;
|         if ((pty[1]=grantpt(pty[0])) == -1) return 4;
|         EV_SET(ev+0, pfd[1], EVFILT_WRITE, EV_ADD | EV_ENABLE, 0, 0, NULL);
|         EV_SET(ev+1, pty[1], EVFILT_READ, EV_ADD | EV_ENABLE, 0, 0, NULL);
|         if ((kfd = kqueue()) == -1) return 5;
|         if ((n = kevent(kfd, ev, 2, NULL, 0, NULL)) == -1) return 6;
|         if (ev_out[0].flags & EV_ERROR) return 7;
|         if (ev_out[1].flags & EV_ERROR) return 8;
|         read(pfd[0], buffer, sizeof(buffer));
|         if ((n = kevent(kfd, NULL, 0, ev_out, 2, &ts)) < 1) return 9;
|         return 0;
|       }
| 
configure:16415: result: no
configure:16469: checking for epoll support
configure:16482: gcc -c -g -O2  conftest.c >&5
configure:16482: $? = 0
configure:16487: result: yes
configure:16503: checking for fallocate
configure:16520: gcc -o conftest -g -O2   conftest.c  >&5
configure:16520: $? = 0
configure:16525: result: yes
configure:16602: checking size of long
configure:16607: gcc -o conftest -g -O2   conftest.c  >&5
configure:16607: $? = 0
configure:16607: ./conftest
configure:16607: $? = 0
configure:16621: result: 8
configure:16739: checking sys/vfs.h usability
configure:16739: gcc -c -g -O2  conftest.c >&5
configure:16739: $? = 0
configure:16739: result: yes
configure:16739: checking sys/vfs.h presence
configure:16739: gcc -E  conftest.c
configure:16739: $? = 0
configure:16739: result: yes
configure:16739: checking for sys/vfs.h
configure:16739: result: yes
configure:16739: checking sys/statvfs.h usability
configure:16739: gcc -c -g -O2  conftest.c >&5
configure:16739: $? = 0
configure:16739: result: yes
configure:16739: checking sys/statvfs.h presence
configure:16739: gcc -E  conftest.c
configure:16739: $? = 0
configure:16739: result: yes
configure:16739: checking for sys/statvfs.h
configure:16739: result: yes
configure:16739: checking sys/statfs.h usability
configure:16739: gcc -c -g -O2  conftest.c >&5
configure:16739: $? = 0
configure:16739: result: yes
configure:16739: checking sys/statfs.h presence
configure:16739: gcc -E  conftest.c
configure:16739: $? = 0
configure:16739: result: yes
configure:16739: checking for sys/statfs.h
configure:16739: result: yes
configure:16750: checking for statvfs
configure:16778: gcc -o conftest -g -O2   conftest.c  >&5
configure:16778: $? = 0
configure:16798: result: ok
configure:17047: checking if compiler supports __attribute__((visibility("default")))
configure:17058: g++ -c -g -O2 -g -DDEBUG -fvisibility=hidden  conftest.cpp >&5
configure:17058: $? = 0
configure:17066: result: yes
configure:17203: checking whether pthreads work without any flags
configure:17296: gcc -o conftest -g -O2    conftest.c   >&5
/tmp/ccQoxkhW.o: In function `main':
/home/ken/wibed/src/libtorrent-0.13.4/conftest.c:49: undefined reference to `pthread_create'
/home/ken/wibed/src/libtorrent-0.13.4/conftest.c:50: undefined reference to `pthread_join'
/home/ken/wibed/src/libtorrent-0.13.4/conftest.c:52: undefined reference to `__pthread_register_cancel'
/home/ken/wibed/src/libtorrent-0.13.4/conftest.c:53: undefined reference to `__pthread_unregister_cancel'
collect2: error: ld returned 1 exit status
configure:17296: $? = 1
configure: failed program was:
| /* confdefs.h */
| #define PACKAGE_NAME "libtorrent"
| #define PACKAGE_TARNAME "libtorrent"
| #define PACKAGE_VERSION "0.13.4"
| #define PACKAGE_STRING "libtorrent 0.13.4"
| #define PACKAGE_BUGREPORT "sundell.software@gmail.com"
| #define PACKAGE_URL ""
| #define STDC_HEADERS 1
| #define HAVE_SYS_TYPES_H 1
| #define HAVE_SYS_STAT_H 1
| #define HAVE_STDLIB_H 1
| #define HAVE_STRING_H 1
| #define HAVE_MEMORY_H 1
| #define HAVE_STRINGS_H 1
| #define HAVE_INTTYPES_H 1
| #define HAVE_STDINT_H 1
| #define HAVE_UNISTD_H 1
| #define HAVE_DLFCN_H 1
| #define LT_OBJDIR ".libs/"
| #define PEER_NAME "-lt0D40-"
| #define PEER_VERSION "lt\x0D\x40"
| #define PACKAGE "libtorrent"
| #define VERSION "0.13.4"
| #define IS_LITTLE_ENDIAN 1
| #define HAVE_TR1 1
| #define KQUEUE_SOCKET_ONLY 1
| #define USE_EPOLL 1
| #define HAVE_FALLOCATE 1
| #define SIZEOF_LONG 8
| #define DEFAULT_ADDRESS_SPACE_SIZE 4096
| #define HAVE_SYS_VFS_H 1
| #define HAVE_SYS_STATVFS_H 1
| #define HAVE_SYS_STATFS_H 1
| #define FS_STAT_FD fstatvfs(fd, &m_stat) == 0
| #define FS_STAT_FN statvfs(fn, &m_stat) == 0
| #define FS_STAT_STRUCT struct statvfs
| #define FS_STAT_SIZE_TYPE unsigned long
| #define FS_STAT_COUNT_TYPE fsblkcnt_t
| #define FS_STAT_BLOCK_SIZE (m_stat.f_frsize)
| #define SUPPORT_ATTRIBUTE_VISIBILITY 1
| /* end confdefs.h.  */
| #include <pthread.h>
|                         static void routine(void *a) { a = 0; }
|                         static void *start_routine(void *a) { return a; }
| int
| main ()
| {
| pthread_t th; pthread_attr_t attr;
|                         pthread_create(&th, 0, start_routine, 0);
|                         pthread_join(th, 0);
|                         pthread_attr_init(&attr);
|                         pthread_cleanup_push(routine, 0);
|                         pthread_cleanup_pop(0) /* ; */
|   ;
|   return 0;
| }
configure:17305: result: no
configure:17258: checking for the pthreads library -lpthreads
configure:17296: gcc -o conftest -g -O2    conftest.c -lpthreads  >&5
/usr/bin/ld: cannot find -lpthreads
collect2: error: ld returned 1 exit status
configure:17296: $? = 1
configure: failed program was:
| /* confdefs.h */
| #define PACKAGE_NAME "libtorrent"
| #define PACKAGE_TARNAME "libtorrent"
| #define PACKAGE_VERSION "0.13.4"
| #define PACKAGE_STRING "libtorrent 0.13.4"
| #define PACKAGE_BUGREPORT "sundell.software@gmail.com"
| #define PACKAGE_URL ""
| #define STDC_HEADERS 1
| #define HAVE_SYS_TYPES_H 1
| #define HAVE_SYS_STAT_H 1
| #define HAVE_STDLIB_H 1
| #define HAVE_STRING_H 1
| #define HAVE_MEMORY_H 1
| #define HAVE_STRINGS_H 1
| #define HAVE_INTTYPES_H 1
| #define HAVE_STDINT_H 1
| #define HAVE_UNISTD_H 1
| #define HAVE_DLFCN_H 1
| #define LT_OBJDIR ".libs/"
| #define PEER_NAME "-lt0D40-"
| #define PEER_VERSION "lt\x0D\x40"
| #define PACKAGE "libtorrent"
| #define VERSION "0.13.4"
| #define IS_LITTLE_ENDIAN 1
| #define HAVE_TR1 1
| #define KQUEUE_SOCKET_ONLY 1
| #define USE_EPOLL 1
| #define HAVE_FALLOCATE 1
| #define SIZEOF_LONG 8
| #define DEFAULT_ADDRESS_SPACE_SIZE 4096
| #define HAVE_SYS_VFS_H 1
| #define HAVE_SYS_STATVFS_H 1
| #define HAVE_SYS_STATFS_H 1
| #define FS_STAT_FD fstatvfs(fd, &m_stat) == 0
| #define FS_STAT_FN statvfs(fn, &m_stat) == 0
| #define FS_STAT_STRUCT struct statvfs
| #define FS_STAT_SIZE_TYPE unsigned long
| #define FS_STAT_COUNT_TYPE fsblkcnt_t
| #define FS_STAT_BLOCK_SIZE (m_stat.f_frsize)
| #define SUPPORT_ATTRIBUTE_VISIBILITY 1
| /* end confdefs.h.  */
| #include <pthread.h>
|                         static void routine(void *a) { a = 0; }
|                         static void *start_routine(void *a) { return a; }
| int
| main ()
| {
| pthread_t th; pthread_attr_t attr;
|                         pthread_create(&th, 0, start_routine, 0);
|                         pthread_join(th, 0);
|                         pthread_attr_init(&attr);
|                         pthread_cleanup_push(routine, 0);
|                         pthread_cleanup_pop(0) /* ; */
|   ;
|   return 0;
| }
configure:17305: result: no
configure:17208: checking whether pthreads work with -Kthread
configure:17296: gcc -o conftest -g -O2 -Kthread   conftest.c   >&5
gcc: error: unrecognized command line option '-Kthread'
configure:17296: $? = 1
configure: failed program was:
| /* confdefs.h */
| #define PACKAGE_NAME "libtorrent"
| #define PACKAGE_TARNAME "libtorrent"
| #define PACKAGE_VERSION "0.13.4"
| #define PACKAGE_STRING "libtorrent 0.13.4"
| #define PACKAGE_BUGREPORT "sundell.software@gmail.com"
| #define PACKAGE_URL ""
| #define STDC_HEADERS 1
| #define HAVE_SYS_TYPES_H 1
| #define HAVE_SYS_STAT_H 1
| #define HAVE_STDLIB_H 1
| #define HAVE_STRING_H 1
| #define HAVE_MEMORY_H 1
| #define HAVE_STRINGS_H 1
| #define HAVE_INTTYPES_H 1
| #define HAVE_STDINT_H 1
| #define HAVE_UNISTD_H 1
| #define HAVE_DLFCN_H 1
| #define LT_OBJDIR ".libs/"
| #define PEER_NAME "-lt0D40-"
| #define PEER_VERSION "lt\x0D\x40"
| #define PACKAGE "libtorrent"
| #define VERSION "0.13.4"
| #define IS_LITTLE_ENDIAN 1
| #define HAVE_TR1 1
| #define KQUEUE_SOCKET_ONLY 1
| #define USE_EPOLL 1
| #define HAVE_FALLOCATE 1
| #define SIZEOF_LONG 8
| #define DEFAULT_ADDRESS_SPACE_SIZE 4096
| #define HAVE_SYS_VFS_H 1
| #define HAVE_SYS_STATVFS_H 1
| #define HAVE_SYS_STATFS_H 1
| #define FS_STAT_FD fstatvfs(fd, &m_stat) == 0
| #define FS_STAT_FN statvfs(fn, &m_stat) == 0
| #define FS_STAT_STRUCT struct statvfs
| #define FS_STAT_SIZE_TYPE unsigned long
| #define FS_STAT_COUNT_TYPE fsblkcnt_t
| #define FS_STAT_BLOCK_SIZE (m_stat.f_frsize)
| #define SUPPORT_ATTRIBUTE_VISIBILITY 1
| /* end confdefs.h.  */
| #include <pthread.h>
|                         static void routine(void *a) { a = 0; }
|                         static void *start_routine(void *a) { return a; }
| int
| main ()
| {
| pthread_t th; pthread_attr_t attr;
|                         pthread_create(&th, 0, start_routine, 0);
|                         pthread_join(th, 0);
|                         pthread_attr_init(&attr);
|                         pthread_cleanup_push(routine, 0);
|                         pthread_cleanup_pop(0) /* ; */
|   ;
|   return 0;
| }
configure:17305: result: no
configure:17208: checking whether pthreads work with -kthread
configure:17296: gcc -o conftest -g -O2 -kthread   conftest.c   >&5
gcc: error: unrecognized command line option '-kthread'
configure:17296: $? = 1
configure: failed program was:
| /* confdefs.h */
| #define PACKAGE_NAME "libtorrent"
| #define PACKAGE_TARNAME "libtorrent"
| #define PACKAGE_VERSION "0.13.4"
| #define PACKAGE_STRING "libtorrent 0.13.4"
| #define PACKAGE_BUGREPORT "sundell.software@gmail.com"
| #define PACKAGE_URL ""
| #define STDC_HEADERS 1
| #define HAVE_SYS_TYPES_H 1
| #define HAVE_SYS_STAT_H 1
| #define HAVE_STDLIB_H 1
| #define HAVE_STRING_H 1
| #define HAVE_MEMORY_H 1
| #define HAVE_STRINGS_H 1
| #define HAVE_INTTYPES_H 1
| #define HAVE_STDINT_H 1
| #define HAVE_UNISTD_H 1
| #define HAVE_DLFCN_H 1
| #define LT_OBJDIR ".libs/"
| #define PEER_NAME "-lt0D40-"
| #define PEER_VERSION "lt\x0D\x40"
| #define PACKAGE "libtorrent"
| #define VERSION "0.13.4"
| #define IS_LITTLE_ENDIAN 1
| #define HAVE_TR1 1
| #define KQUEUE_SOCKET_ONLY 1
| #define USE_EPOLL 1
| #define HAVE_FALLOCATE 1
| #define SIZEOF_LONG 8
| #define DEFAULT_ADDRESS_SPACE_SIZE 4096
| #define HAVE_SYS_VFS_H 1
| #define HAVE_SYS_STATVFS_H 1
| #define HAVE_SYS_STATFS_H 1
| #define FS_STAT_FD fstatvfs(fd, &m_stat) == 0
| #define FS_STAT_FN statvfs(fn, &m_stat) == 0
| #define FS_STAT_STRUCT struct statvfs
| #define FS_STAT_SIZE_TYPE unsigned long
| #define FS_STAT_COUNT_TYPE fsblkcnt_t
| #define FS_STAT_BLOCK_SIZE (m_stat.f_frsize)
| #define SUPPORT_ATTRIBUTE_VISIBILITY 1
| /* end confdefs.h.  */
| #include <pthread.h>
|                         static void routine(void *a) { a = 0; }
|                         static void *start_routine(void *a) { return a; }
| int
| main ()
| {
| pthread_t th; pthread_attr_t attr;
|                         pthread_create(&th, 0, start_routine, 0);
|                         pthread_join(th, 0);
|                         pthread_attr_init(&attr);
|                         pthread_cleanup_push(routine, 0);
|                         pthread_cleanup_pop(0) /* ; */
|   ;
|   return 0;
| }
configure:17305: result: no
configure:17258: checking for the pthreads library -llthread
configure:17296: gcc -o conftest -g -O2    conftest.c -llthread  >&5
/usr/bin/ld: cannot find -llthread
collect2: error: ld returned 1 exit status
configure:17296: $? = 1
configure: failed program was:
| /* confdefs.h */
| #define PACKAGE_NAME "libtorrent"
| #define PACKAGE_TARNAME "libtorrent"
| #define PACKAGE_VERSION "0.13.4"
| #define PACKAGE_STRING "libtorrent 0.13.4"
| #define PACKAGE_BUGREPORT "sundell.software@gmail.com"
| #define PACKAGE_URL ""
| #define STDC_HEADERS 1
| #define HAVE_SYS_TYPES_H 1
| #define HAVE_SYS_STAT_H 1
| #define HAVE_STDLIB_H 1
| #define HAVE_STRING_H 1
| #define HAVE_MEMORY_H 1
| #define HAVE_STRINGS_H 1
| #define HAVE_INTTYPES_H 1
| #define HAVE_STDINT_H 1
| #define HAVE_UNISTD_H 1
| #define HAVE_DLFCN_H 1
| #define LT_OBJDIR ".libs/"
| #define PEER_NAME "-lt0D40-"
| #define PEER_VERSION "lt\x0D\x40"
| #define PACKAGE "libtorrent"
| #define VERSION "0.13.4"
| #define IS_LITTLE_ENDIAN 1
| #define HAVE_TR1 1
| #define KQUEUE_SOCKET_ONLY 1
| #define USE_EPOLL 1
| #define HAVE_FALLOCATE 1
| #define SIZEOF_LONG 8
| #define DEFAULT_ADDRESS_SPACE_SIZE 4096
| #define HAVE_SYS_VFS_H 1
| #define HAVE_SYS_STATVFS_H 1
| #define HAVE_SYS_STATFS_H 1
| #define FS_STAT_FD fstatvfs(fd, &m_stat) == 0
| #define FS_STAT_FN statvfs(fn, &m_stat) == 0
| #define FS_STAT_STRUCT struct statvfs
| #define FS_STAT_SIZE_TYPE unsigned long
| #define FS_STAT_COUNT_TYPE fsblkcnt_t
| #define FS_STAT_BLOCK_SIZE (m_stat.f_frsize)
| #define SUPPORT_ATTRIBUTE_VISIBILITY 1
| /* end confdefs.h.  */
| #include <pthread.h>
|                         static void routine(void *a) { a = 0; }
|                         static void *start_routine(void *a) { return a; }
| int
| main ()
| {
| pthread_t th; pthread_attr_t attr;
|                         pthread_create(&th, 0, start_routine, 0);
|                         pthread_join(th, 0);
|                         pthread_attr_init(&attr);
|                         pthread_cleanup_push(routine, 0);
|                         pthread_cleanup_pop(0) /* ; */
|   ;
|   return 0;
| }
configure:17305: result: no
configure:17208: checking whether pthreads work with -pthread
configure:17296: gcc -o conftest -g -O2 -pthread   conftest.c   >&5
configure:17296: $? = 0
configure:17305: result: yes
configure:17324: checking for joinable pthread attribute
configure:17339: gcc -o conftest -g -O2 -pthread   conftest.c   >&5
configure:17339: $? = 0
configure:17345: result: PTHREAD_CREATE_JOINABLE
configure:17355: checking if more special flags are required for pthreads
configure:17369: result: no
configure:17375: checking for PTHREAD_PRIO_INHERIT
configure:17393: gcc -o conftest -g -O2 -pthread   conftest.c   >&5
conftest.c: In function 'main':
conftest.c:47:9: error: 'PTHREAD_PRIO_INHERIT' undeclared (first use in this function)
conftest.c:47:9: note: each undeclared identifier is reported only once for each function it appears in
configure:17393: $? = 1
configure: failed program was:
| /* confdefs.h */
| #define PACKAGE_NAME "libtorrent"
| #define PACKAGE_TARNAME "libtorrent"
| #define PACKAGE_VERSION "0.13.4"
| #define PACKAGE_STRING "libtorrent 0.13.4"
| #define PACKAGE_BUGREPORT "sundell.software@gmail.com"
| #define PACKAGE_URL ""
| #define STDC_HEADERS 1
| #define HAVE_SYS_TYPES_H 1
| #define HAVE_SYS_STAT_H 1
| #define HAVE_STDLIB_H 1
| #define HAVE_STRING_H 1
| #define HAVE_MEMORY_H 1
| #define HAVE_STRINGS_H 1
| #define HAVE_INTTYPES_H 1
| #define HAVE_STDINT_H 1
| #define HAVE_UNISTD_H 1
| #define HAVE_DLFCN_H 1
| #define LT_OBJDIR ".libs/"
| #define PEER_NAME "-lt0D40-"
| #define PEER_VERSION "lt\x0D\x40"
| #define PACKAGE "libtorrent"
| #define VERSION "0.13.4"
| #define IS_LITTLE_ENDIAN 1
| #define HAVE_TR1 1
| #define KQUEUE_SOCKET_ONLY 1
| #define USE_EPOLL 1
| #define HAVE_FALLOCATE 1
| #define SIZEOF_LONG 8
| #define DEFAULT_ADDRESS_SPACE_SIZE 4096
| #define HAVE_SYS_VFS_H 1
| #define HAVE_SYS_STATVFS_H 1
| #define HAVE_SYS_STATFS_H 1
| #define FS_STAT_FD fstatvfs(fd, &m_stat) == 0
| #define FS_STAT_FN statvfs(fn, &m_stat) == 0
| #define FS_STAT_STRUCT struct statvfs
| #define FS_STAT_SIZE_TYPE unsigned long
| #define FS_STAT_COUNT_TYPE fsblkcnt_t
| #define FS_STAT_BLOCK_SIZE (m_stat.f_frsize)
| #define SUPPORT_ATTRIBUTE_VISIBILITY 1
| /* end confdefs.h.  */
| 
|                     #include <pthread.h>
| int
| main ()
| {
| int i = PTHREAD_PRIO_INHERIT;
|   ;
|   return 0;
| }
configure:17402: result: no
configure:17545: checking for pkg-config
configure:17563: found /usr/bin/pkg-config
configure:17575: result: /usr/bin/pkg-config
configure:17600: checking pkg-config is at least version 0.9.0
configure:17603: result: yes
configure:17724: checking for OPENSSL
configure:17731: $PKG_CONFIG --exists --print-errors "libcrypto"
configure:17734: $? = 0
configure:17748: $PKG_CONFIG --exists --print-errors "libcrypto"
configure:17751: $? = 0
configure:17809: result: yes
configure:17841: checking for posix_memalign
configure:17841: gcc -o conftest -g -O2 -pthread   conftest.c   -lcrypto   >&5
configure:17841: $? = 0
configure:17841: result: yes
configure:17852: checking for madvise
configure:17863: gcc -c -g -O2 -pthread  conftest.c >&5
configure:17863: $? = 0
configure:17865: result: yes
configure:17880: checking for cacheline
configure:17892: gcc -c -g -O2 -pthread  conftest.c >&5
conftest.c:49:35: fatal error: linux/cache.h: No such file or directory
compilation terminated.
configure:17892: $? = 1
configure: failed program was:
| /* confdefs.h */
| #define PACKAGE_NAME "libtorrent"
| #define PACKAGE_TARNAME "libtorrent"
| #define PACKAGE_VERSION "0.13.4"
| #define PACKAGE_STRING "libtorrent 0.13.4"
| #define PACKAGE_BUGREPORT "sundell.software@gmail.com"
| #define PACKAGE_URL ""
| #define STDC_HEADERS 1
| #define HAVE_SYS_TYPES_H 1
| #define HAVE_SYS_STAT_H 1
| #define HAVE_STDLIB_H 1
| #define HAVE_STRING_H 1
| #define HAVE_MEMORY_H 1
| #define HAVE_STRINGS_H 1
| #define HAVE_INTTYPES_H 1
| #define HAVE_STDINT_H 1
| #define HAVE_UNISTD_H 1
| #define HAVE_DLFCN_H 1
| #define LT_OBJDIR ".libs/"
| #define PEER_NAME "-lt0D40-"
| #define PEER_VERSION "lt\x0D\x40"
| #define PACKAGE "libtorrent"
| #define VERSION "0.13.4"
| #define IS_LITTLE_ENDIAN 1
| #define HAVE_TR1 1
| #define KQUEUE_SOCKET_ONLY 1
| #define USE_EPOLL 1
| #define HAVE_FALLOCATE 1
| #define SIZEOF_LONG 8
| #define DEFAULT_ADDRESS_SPACE_SIZE 4096
| #define HAVE_SYS_VFS_H 1
| #define HAVE_SYS_STATVFS_H 1
| #define HAVE_SYS_STATFS_H 1
| #define FS_STAT_FD fstatvfs(fd, &m_stat) == 0
| #define FS_STAT_FN statvfs(fn, &m_stat) == 0
| #define FS_STAT_STRUCT struct statvfs
| #define FS_STAT_SIZE_TYPE unsigned long
| #define FS_STAT_COUNT_TYPE fsblkcnt_t
| #define FS_STAT_BLOCK_SIZE (m_stat.f_frsize)
| #define SUPPORT_ATTRIBUTE_VISIBILITY 1
| #define HAVE_PTHREAD 1
| #define USE_OPENSSL 1
| #define USE_OPENSSL_SHA 1
| #define HAVE_POSIX_MEMALIGN 1
| #define USE_MADVISE 1
| /* end confdefs.h.  */
| 
|       #include <stdlib.h>
|           #include <linux/cache.h>
|           void* vptr __cacheline_aligned;
|           void f() { posix_memalign(&vptr, SMP_CACHE_BYTES, 42); }
| 
configure:17907: result: using default 128 bytes
configure:17920: checking for __builtin_popcount
configure:17929: gcc -c -g -O2 -pthread  conftest.c >&5
configure:17929: $? = 0
configure:17931: result: yes
configure:17946: checking for execinfo.h
configure:17962: gcc -o conftest -g -O2 -pthread   conftest.c   -lcrypto   >&5
conftest.c: In function 'main':
conftest.c:52:7: warning: passing argument 1 of 'backtrace_symbols' from incompatible pointer type [enabled by default]
In file included from conftest.c:51:0:
/usr/include/execinfo.h:33:15: note: expected 'void * const*' but argument is of type 'char **'
configure:17962: $? = 0
configure:17962: ./conftest
configure:17962: $? = 0
configure:17964: result: yes
configure:17984: checking pthread.h usability
configure:17984: gcc -c -g -O2 -pthread  conftest.c >&5
configure:17984: $? = 0
configure:17984: result: yes
configure:17984: checking pthread.h presence
configure:17984: gcc -E  conftest.c
configure:17984: $? = 0
configure:17984: result: yes
configure:17984: checking for pthread.h
configure:17984: result: yes
configure:17995: checking for pthread_setname_np type
configure:18015: gcc -o conftest -g -O2 -pthread   conftest.c   -lcrypto   >&5
configure:18015: $? = 0
configure:18020: result: generic
configure:18153: checking signedness of mincore parameter
configure:18165: g++ -c -g -O2 -g -DDEBUG -fvisibility=hidden -pthread    conftest.cpp >&5
configure:18165: $? = 0
configure:18173: result: unsigned
configure:18226: checking for proper overloaded template function disambiguation
configure:18237: g++ -c -g -O2 -g -DDEBUG -fvisibility=hidden -pthread    conftest.cpp >&5
configure:18237: $? = 0
configure:18239: result: yes
configure:18273: checking if instrumentation should be included
configure:18295: result: yes
configure:18313: checking if compiler supports __attribute__((unused))
configure:18324: gcc -c -g -O2 -pthread  conftest.c >&5
configure:18324: $? = 0
configure:18332: result: yes
configure:18488: creating ./config.status

## ---------------------- ##
## Running config.status. ##
## ---------------------- ##

This file was extended by libtorrent config.status 0.13.4, which was
generated by GNU Autoconf 2.69.  Invocation command line was

  CONFIG_FILES    = 
  CONFIG_HEADERS  = 
  CONFIG_LINKS    = 
  CONFIG_COMMANDS = 
  $ ./config.status 

on ReimuHakurei

config.status:1207: creating libtorrent.pc
config.status:1207: creating Makefile
config.status:1207: creating src/Makefile
config.status:1207: creating src/torrent/Makefile
config.status:1207: creating src/torrent/peer/Makefile
config.status:1207: creating src/torrent/data/Makefile
config.status:1207: creating src/torrent/download/Makefile
config.status:1207: creating src/torrent/utils/Makefile
config.status:1207: creating src/data/Makefile
config.status:1207: creating src/dht/Makefile
config.status:1207: creating src/download/Makefile
config.status:1207: creating src/net/Makefile
config.status:1207: creating src/protocol/Makefile
config.status:1207: creating src/tracker/Makefile
config.status:1207: creating src/utils/Makefile
config.status:1207: creating test/Makefile
config.status:1207: creating config.h
config.status:1436: executing libtool commands
config.status:1436: executing depfiles commands

## ---------------- ##
## Cache variables. ##
## ---------------- ##

ac_cv_build=x86_64-unknown-linux-gnu
ac_cv_c_bigendian=no
ac_cv_c_compiler_gnu=yes
ac_cv_cxx_compiler_gnu=yes
ac_cv_env_CCC_set=
ac_cv_env_CCC_value=
ac_cv_env_CC_set=
ac_cv_env_CC_value=
ac_cv_env_CFLAGS_set=
ac_cv_env_CFLAGS_value=
ac_cv_env_CPPFLAGS_set=
ac_cv_env_CPPFLAGS_value=
ac_cv_env_CPP_set=
ac_cv_env_CPP_value=
ac_cv_env_CXXCPP_set=
ac_cv_env_CXXCPP_value=
ac_cv_env_CXXFLAGS_set=
ac_cv_env_CXXFLAGS_value=
ac_cv_env_CXX_set=
ac_cv_env_CXX_value=
ac_cv_env_LDFLAGS_set=
ac_cv_env_LDFLAGS_value=
ac_cv_env_LIBS_set=
ac_cv_env_LIBS_value=
ac_cv_env_OPENSSL_CFLAGS_set=
ac_cv_env_OPENSSL_CFLAGS_value=
ac_cv_env_OPENSSL_LIBS_set=
ac_cv_env_OPENSSL_LIBS_value=
ac_cv_env_PKG_CONFIG_LIBDIR_set=
ac_cv_env_PKG_CONFIG_LIBDIR_value=
ac_cv_env_PKG_CONFIG_PATH_set=
ac_cv_env_PKG_CONFIG_PATH_value=
ac_cv_env_PKG_CONFIG_set=
ac_cv_env_PKG_CONFIG_value=
ac_cv_env_build_alias_set=
ac_cv_env_build_alias_value=
ac_cv_env_host_alias_set=
ac_cv_env_host_alias_value=
ac_cv_env_target_alias_set=
ac_cv_env_target_alias_value=
ac_cv_func_posix_memalign=yes
ac_cv_header_dlfcn_h=yes
ac_cv_header_inttypes_h=yes
ac_cv_header_memory_h=yes
ac_cv_header_pthread_h=yes
ac_cv_header_stdc=yes
ac_cv_header_stdint_h=yes
ac_cv_header_stdlib_h=yes
ac_cv_header_string_h=yes
ac_cv_header_strings_h=yes
ac_cv_header_sys_stat_h=yes
ac_cv_header_sys_statfs_h=yes
ac_cv_header_sys_statvfs_h=yes
ac_cv_header_sys_types_h=yes
ac_cv_header_sys_vfs_h=yes
ac_cv_header_unistd_h=yes
ac_cv_host=x86_64-unknown-linux-gnu
ac_cv_objext=o
ac_cv_path_CPPUNIT_CONFIG=/usr/bin/cppunit-config
ac_cv_path_EGREP='/bin/grep -E'
ac_cv_path_FGREP='/bin/grep -F'
ac_cv_path_GREP=/bin/grep
ac_cv_path_SED=/bin/sed
ac_cv_path_ac_pt_PKG_CONFIG=/usr/bin/pkg-config
ac_cv_path_install='/usr/bin/install -c'
ac_cv_path_mkdir=/bin/mkdir
ac_cv_prog_AWK=gawk
ac_cv_prog_CPP='gcc -E'
ac_cv_prog_CXXCPP='g++ -E'
ac_cv_prog_ac_ct_AR=ar
ac_cv_prog_ac_ct_CC=gcc
ac_cv_prog_ac_ct_CXX=g++
ac_cv_prog_ac_ct_MANIFEST_TOOL=mt
ac_cv_prog_ac_ct_OBJDUMP=objdump
ac_cv_prog_ac_ct_RANLIB=ranlib
ac_cv_prog_ac_ct_STRIP=strip
ac_cv_prog_cc_c89=
ac_cv_prog_cc_g=yes
ac_cv_prog_cxx_g=yes
ac_cv_prog_make_make_set=yes
ac_cv_sizeof_long=8
ac_cv_sys_file_offset_bits=no
ac_cv_sys_largefile_CC=no
am_cv_CC_dependencies_compiler_type=gcc3
am_cv_CXX_dependencies_compiler_type=gcc3
ax_cv_PTHREAD_PRIO_INHERIT=no
cc_cv_attribute_unused=yes
cc_cv_attribute_visibility=yes
lt_cv_ar_at_file=@
lt_cv_archive_cmds_need_lc=no
lt_cv_deplibs_check_method=pass_all
lt_cv_file_magic_cmd='$MAGIC_CMD'
lt_cv_file_magic_test_file=
lt_cv_ld_reload_flag=-r
lt_cv_nm_interface='BSD nm'
lt_cv_objdir=.libs
lt_cv_path_LD=/usr/bin/ld
lt_cv_path_LDCXX='/usr/bin/ld -m elf_x86_64'
lt_cv_path_NM='/usr/bin/nm -B'
lt_cv_path_mainfest_tool=no
lt_cv_prog_compiler_c_o=yes
lt_cv_prog_compiler_c_o_CXX=yes
lt_cv_prog_compiler_pic='-fPIC -DPIC'
lt_cv_prog_compiler_pic_CXX='-fPIC -DPIC'
lt_cv_prog_compiler_pic_works=yes
lt_cv_prog_compiler_pic_works_CXX=yes
lt_cv_prog_compiler_rtti_exceptions=no
lt_cv_prog_compiler_static_works=yes
lt_cv_prog_compiler_static_works_CXX=yes
lt_cv_prog_gnu_ld=yes
lt_cv_prog_gnu_ldcxx=yes
lt_cv_sharedlib_from_linklib_cmd='printf %s\n'
lt_cv_shlibpath_overrides_runpath=no
lt_cv_sys_global_symbol_pipe='sed -n -e '\''s/^.*[	 ]\([ABCDGIRSTW][ABCDGIRSTW]*\)[	 ][	 ]*\([_A-Za-z][_A-Za-z0-9]*\)$/\1 \2 \2/p'\'' | sed '\''/ __gnu_lto/d'\'''
lt_cv_sys_global_symbol_to_c_name_address='sed -n -e '\''s/^: \([^ ]*\)[ ]*$/  {\"\1\", (void *) 0},/p'\'' -e '\''s/^[ABCDGIRSTW]* \([^ ]*\) \([^ ]*\)$/  {"\2", (void *) \&\2},/p'\'''
lt_cv_sys_global_symbol_to_c_name_address_lib_prefix='sed -n -e '\''s/^: \([^ ]*\)[ ]*$/  {\"\1\", (void *) 0},/p'\'' -e '\''s/^[ABCDGIRSTW]* \([^ ]*\) \(lib[^ ]*\)$/  {"\2", (void *) \&\2},/p'\'' -e '\''s/^[ABCDGIRSTW]* \([^ ]*\) \([^ ]*\)$/  {"lib\2", (void *) \&\2},/p'\'''
lt_cv_sys_global_symbol_to_cdecl='sed -n -e '\''s/^T .* \(.*\)$/extern int \1();/p'\'' -e '\''s/^[ABCDGIRSTW]* .* \(.*\)$/extern char \1;/p'\'''
lt_cv_sys_max_cmd_len=1572864
lt_cv_to_host_file_cmd=func_convert_file_noop
lt_cv_to_tool_file_cmd=func_convert_file_noop
pkg_cv_OPENSSL_CFLAGS=' '
pkg_cv_OPENSSL_LIBS='-lcrypto  '

## ----------------- ##
## Output variables. ##
## ----------------- ##

ACLOCAL='${SHELL} /home/ken/wibed/src/libtorrent-0.13.4/missing --run aclocal-1.11'
AMDEPBACKSLASH='\'
AMDEP_FALSE='#'
AMDEP_TRUE=''
AMTAR='$${TAR-tar}'
AR='ar'
AUTOCONF='${SHELL} /home/ken/wibed/src/libtorrent-0.13.4/missing --run autoconf'
AUTOHEADER='${SHELL} /home/ken/wibed/src/libtorrent-0.13.4/missing --run autoheader'
AUTOMAKE='${SHELL} /home/ken/wibed/src/libtorrent-0.13.4/missing --run automake-1.11'
AWK='gawk'
CC='gcc'
CCDEPMODE='depmode=gcc3'
CFLAGS='-g -O2 -pthread'
CPP='gcc -E'
CPPFLAGS=''
CPPUNIT_CFLAGS=''
CPPUNIT_CONFIG='/usr/bin/cppunit-config'
CPPUNIT_LIBS='-lcppunit -ldl'
CXX='g++'
CXXCPP='g++ -E'
CXXDEPMODE='depmode=gcc3'
CXXFLAGS='-g -O2 -g -DDEBUG -fvisibility=hidden -pthread  '
CYGPATH_W='echo'
DEFS='-DHAVE_CONFIG_H'
DEPDIR='.deps'
DLLTOOL='false'
DSYMUTIL=''
DUMPBIN=''
ECHO_C=''
ECHO_N='-n'
ECHO_T=''
EGREP='/bin/grep -E'
EXEEXT=''
FGREP='/bin/grep -F'
GREP='/bin/grep'
INSTALL_DATA='${INSTALL} -m 644'
INSTALL_PROGRAM='${INSTALL}'
INSTALL_SCRIPT='${INSTALL}'
INSTALL_STRIP_PROGRAM='$(install_sh) -c -s'
LD='/usr/bin/ld -m elf_x86_64'
LDFLAGS=''
LIBOBJS=''
LIBS='  -lcrypto  '
LIBTOOL='$(SHELL) $(top_builddir)/libtool'
LIBTORRENT_CFLAGS=''
LIBTORRENT_CURRENT='18'
LIBTORRENT_INTERFACE_VERSION_INFO='18:0:0'
LIBTORRENT_INTERFACE_VERSION_NO='18.0.0'
LIBTORRENT_LIBS='-ltorrent'
LIPO=''
LN_S='ln -s'
LTLIBOBJS=''
MAKEINFO='${SHELL} /home/ken/wibed/src/libtorrent-0.13.4/missing --run makeinfo'
MANIFEST_TOOL=':'
MKDIR_P='/bin/mkdir -p'
NM='/usr/bin/nm -B'
NMEDIT=''
OBJDUMP='objdump'
OBJEXT='o'
OPENSSL_CFLAGS=' '
OPENSSL_LIBS='-lcrypto  '
OTOOL64=''
OTOOL=''
PACKAGE='libtorrent'
PACKAGE_BUGREPORT='sundell.software@gmail.com'
PACKAGE_NAME='libtorrent'
PACKAGE_STRING='libtorrent 0.13.4'
PACKAGE_TARNAME='libtorrent'
PACKAGE_URL=''
PACKAGE_VERSION='0.13.4'
PATH_SEPARATOR=':'
PKG_CONFIG='/usr/bin/pkg-config'
PKG_CONFIG_LIBDIR=''
PKG_CONFIG_PATH=''
PTHREAD_CC='gcc'
PTHREAD_CFLAGS='-pthread'
PTHREAD_LIBS=''
RANLIB='ranlib'
SED='/bin/sed'
SET_MAKE=''
SHELL='/bin/bash'
STRIP='strip'
VERSION='0.13.4'
ac_ct_AR='ar'
ac_ct_CC='gcc'
ac_ct_CXX='g++'
ac_ct_DUMPBIN=''
am__EXEEXT_FALSE=''
am__EXEEXT_TRUE='#'
am__fastdepCC_FALSE='#'
am__fastdepCC_TRUE=''
am__fastdepCXX_FALSE='#'
am__fastdepCXX_TRUE=''
am__include='include'
am__isrc=''
am__leading_dot='.'
am__nodep='_no'
am__quote=''
am__tar='$${TAR-tar} chof - "$$tardir"'
am__untar='$${TAR-tar} xf -'
ax_pthread_config=''
bindir='${exec_prefix}/bin'
build='x86_64-unknown-linux-gnu'
build_alias=''
build_cpu='x86_64'
build_os='linux-gnu'
build_vendor='unknown'
datadir='${datarootdir}'
datarootdir='${prefix}/share'
docdir='${datarootdir}/doc/${PACKAGE_TARNAME}'
dvidir='${docdir}'
exec_prefix='${prefix}'
host='x86_64-unknown-linux-gnu'
host_alias=''
host_cpu='x86_64'
host_os='linux-gnu'
host_vendor='unknown'
htmldir='${docdir}'
includedir='${prefix}/include'
infodir='${datarootdir}/info'
install_sh='${SHELL} /home/ken/wibed/src/libtorrent-0.13.4/install-sh'
libdir='${exec_prefix}/lib'
libexecdir='${exec_prefix}/libexec'
localedir='${datarootdir}/locale'
localstatedir='${prefix}/var'
mandir='${datarootdir}/man'
mkdir_p='/bin/mkdir -p'
oldincludedir='/usr/include'
pdfdir='${docdir}'
prefix='/usr/local'
program_transform_name='s,x,x,'
psdir='${docdir}'
sbindir='${exec_prefix}/sbin'
sharedstatedir='${prefix}/com'
sysconfdir='${prefix}/etc'
target_alias=''

## ----------- ##
## confdefs.h. ##
## ----------- ##

/* confdefs.h */
#define PACKAGE_NAME "libtorrent"
#define PACKAGE_TARNAME "libtorrent"
#define PACKAGE_VERSION "0.13.4"
#define PACKAGE_STRING "libtorrent 0.13.4"
#define PACKAGE_BUGREPORT "sundell.software@gmail.com"
#define PACKAGE_URL ""
#define STDC_HEADERS 1
#define HAVE_SYS_TYPES_H 1
#define HAVE_SYS_STAT_H 1
#define HAVE_STDLIB_H 1
#define HAVE_STRING_H 1
#define HAVE_MEMORY_H 1
#define HAVE_STRINGS_H 1
#define HAVE_INTTYPES_H 1
#define HAVE_STDINT_H 1
#define HAVE_UNISTD_H 1
#define HAVE_DLFCN_H 1
#define LT_OBJDIR ".libs/"
#define PEER_NAME "-lt0D40-"
#define PEER_VERSION "lt\x0D\x40"
#define PACKAGE "libtorrent"
#define VERSION "0.13.4"
#define IS_LITTLE_ENDIAN 1
#define HAVE_TR1 1
#define KQUEUE_SOCKET_ONLY 1
#define USE_EPOLL 1
#define HAVE_FALLOCATE 1
#define SIZEOF_LONG 8
#define DEFAULT_ADDRESS_SPACE_SIZE 4096
#define HAVE_SYS_VFS_H 1
#define HAVE_SYS_STATVFS_H 1
#define HAVE_SYS_STATFS_H 1
#define FS_STAT_FD fstatvfs(fd, &m_stat) == 0
#define FS_STAT_FN statvfs(fn, &m_stat) == 0
#define FS_STAT_STRUCT struct statvfs
#define FS_STAT_SIZE_TYPE unsigned long
#define FS_STAT_COUNT_TYPE fsblkcnt_t
#define FS_STAT_BLOCK_SIZE (m_stat.f_frsize)
#define SUPPORT_ATTRIBUTE_VISIBILITY 1
#define HAVE_PTHREAD 1
#define USE_OPENSSL 1
#define USE_OPENSSL_SHA 1
#define HAVE_POSIX_MEMALIGN 1
#define USE_MADVISE 1
#define LT_SMP_CACHE_BYTES 128
#define lt_cacheline_aligned __attribute__((__aligned__(LT_SMP_CACHE_BYTES)))
#define USE_BUILTIN_POPCOUNT 1
#define USE_EXECINFO 1
#define HAVE_PTHREAD_H 1
#define HAS_PTHREAD_SETNAME_NP_GENERIC 1
#define USE_MINCORE 1
#define USE_MINCORE_UNSIGNED 1
#define LT_INSTRUMENTATION 1
#define HAVE_CONFIG_H 1
#define SUPPORT_ATTRIBUTE_UNUSED 1
#define __UNUSED __attribute__((unused))

configure: exit 0

## ---------------------- ##
## Running config.status. ##
## ---------------------- ##

This file was extended by libtorrent config.status 0.13.4, which was
generated by GNU Autoconf 2.69.  Invocation command line was

  CONFIG_FILES    = 
  CONFIG_HEADERS  = 
  CONFIG_LINKS    = 
  CONFIG_COMMANDS = 
  $ ./config.status config.h

on ReimuHakurei

config.status:1207: creating config.h
config.status:1388: config.h is unchanged
